0 info it worked if it ends with ok
1 verbose cli [ '/usr/local/Cellar/node/6.1.0/bin/node',
1 verbose cli   '/usr/local/bin/npm',
1 verbose cli   'run',
1 verbose cli   'rwr-node-server' ]
2 info using npm@3.8.6
3 info using node@v6.1.0
4 verbose run-script [ 'prerwr-node-server',
4 verbose run-script   'rwr-node-server',
4 verbose run-script   'postrwr-node-server' ]
5 info lifecycle @~prerwr-node-server: @
6 silly lifecycle @~prerwr-node-server: no script for prerwr-node-server, continuing
7 info lifecycle @~rwr-node-server: @
8 verbose lifecycle @~rwr-node-server: unsafe-perm in lifecycle true
9 verbose lifecycle @~rwr-node-server: PATH: /usr/local/lib/node_modules/npm/bin/node-gyp-bin:/Users/Manske/Sites/Serve1/app/node_modules/.bin:/usr/local/Cellar/node/6.1.0/bin:/Users/Manske/.rvm/gems/ruby-2.3.1/bin:/Users/Manske/.rvm/gems/ruby-2.3.1@global/bin:/Users/Manske/.rvm/rubies/ruby-2.3.1/bin:/Users/Manske/.rvm/bin:/usr/local/heroku/bin:/usr/local/bin:/usr/bin:/bin:/usr/sbin:/sbin:/opt/X11/bin
10 verbose lifecycle @~rwr-node-server: CWD: /Users/Manske/Sites/Serve1/app
11 silly lifecycle @~rwr-node-server: Args: [ '-c',
11 silly lifecycle   'forever -o log/rwr-server-out.log -e log/rwr-server-err.log forever/production.json' ]
12 silly lifecycle @~rwr-node-server: Returned: code: 1  signal: null
13 info lifecycle @~rwr-node-server: Failed to exec rwr-node-server script
14 verbose stack Error: @ rwr-node-server: `forever -o log/rwr-server-out.log -e log/rwr-server-err.log forever/production.json`
14 verbose stack Exit status 1
14 verbose stack     at EventEmitter.<anonymous> (/usr/local/lib/node_modules/npm/lib/utils/lifecycle.js:239:16)
14 verbose stack     at emitTwo (events.js:106:13)
14 verbose stack     at EventEmitter.emit (events.js:191:7)
14 verbose stack     at ChildProcess.<anonymous> (/usr/local/lib/node_modules/npm/lib/utils/spawn.js:24:14)
14 verbose stack     at emitTwo (events.js:106:13)
14 verbose stack     at ChildProcess.emit (events.js:191:7)
14 verbose stack     at maybeClose (internal/child_process.js:850:16)
14 verbose stack     at Process.ChildProcess._handle.onexit (internal/child_process.js:215:5)
15 verbose pkgid @
16 verbose cwd /Users/Manske/Sites/Serve1/app
17 error Darwin 15.5.0
18 error argv "/usr/local/Cellar/node/6.1.0/bin/node" "/usr/local/bin/npm" "run" "rwr-node-server"
19 error node v6.1.0
20 error npm  v3.8.6
21 error code ELIFECYCLE
22 error @ rwr-node-server: `forever -o log/rwr-server-out.log -e log/rwr-server-err.log forever/production.json`
22 error Exit status 1
23 error Failed at the @ rwr-node-server script 'forever -o log/rwr-server-out.log -e log/rwr-server-err.log forever/production.json'.
23 error Make sure you have the latest version of node.js and npm installed.
23 error If you do, this is most likely a problem with the  package,
23 error not with npm itself.
23 error Tell the author that this fails on your system:
23 error     forever -o log/rwr-server-out.log -e log/rwr-server-err.log forever/production.json
23 error You can get information on how to open an issue for this project with:
23 error     npm bugs
23 error Or if that isn't available, you can get their info via:
23 error     npm owner ls
23 error There is likely additional logging output above.
24 verbose exit [ 1, true ]
